<?xml version="1.0" encoding="UTF-8"?>
<!-- Generated by org.testng.reporters.JUnitXMLReporter -->
<testsuite hostname="PC00BR29681" ignored="0" name="Command line test" tests="4" failures="0" timestamp="28 Feb 2020 16:32:50 GMT" time="45.513" errors="0">
  <testcase name="apiResponseTest" time="5.23" classname="api.WeatherApiTest"/>
  <testcase name="locationResponseTest" time="1.832" classname="api.WeatherApiTest"/>
  <testcase name="weatherNotNullTest" time="2.882" classname="api.WeatherApiTest"/>
  <testcase name="loginAndPurchase" time="20.577" classname="ui.LoginAndPurchaseTest"/>
</testsuite> <!-- Command line test -->
