<?xml version="1.0" encoding="UTF-8"?>
<!-- Generated by org.testng.reporters.JUnitXMLReporter -->
<testsuite hostname="Neuromancer" ignored="0" name="Command line test" tests="4" failures="0" timestamp="28 fev 2020 01:32:16 GMT" time="30.582" errors="0">
  <testcase name="apiResponseTest" time="4.75" classname="api.WeatherApiTest"/>
  <testcase name="locationResponseTest" time="2.339" classname="api.WeatherApiTest"/>
  <testcase name="weatherNotNullTest" time="2.487" classname="api.WeatherApiTest"/>
  <testcase name="login" time="4.777" classname="ui.LoginAndPurchaseTest"/>
</testsuite> <!-- Command line test -->
