<?xml version="1.0" encoding="UTF-8"?>
<testng-results skipped="0" failed="0" ignored="0" total="4" passed="4">
  <reporter-output>
  </reporter-output>
  <suite name="Command line suite" duration-ms="45513" started-at="2020-02-28T16:32:04Z" finished-at="2020-02-28T16:32:50Z">
    <groups>
    </groups>
    <test name="Command line test" duration-ms="45513" started-at="2020-02-28T16:32:04Z" finished-at="2020-02-28T16:32:50Z">
      <class name="ui.LoginAndPurchaseTest">
        <test-method status="PASS" signature="preCondition()[pri:0, instance:ui.LoginAndPurchaseTest@6aaa5eb0]" name="preCondition" is-config="true" duration-ms="13723" started-at="2020-02-28T13:32:04Z" finished-at="2020-02-28T13:32:18Z">
          <reporter-output>
          </reporter-output>
        </test-method> <!-- preCondition -->
        <test-method status="PASS" signature="loginAndPurchase()[pri:0, instance:ui.LoginAndPurchaseTest@6aaa5eb0]" name="loginAndPurchase" duration-ms="20577" started-at="2020-02-28T13:32:28Z" finished-at="2020-02-28T13:32:48Z">
          <reporter-output>
          </reporter-output>
        </test-method> <!-- loginAndPurchase -->
        <test-method status="PASS" signature="tearDown()[pri:0, instance:ui.LoginAndPurchaseTest@6aaa5eb0]" name="tearDown" is-config="true" duration-ms="1237" started-at="2020-02-28T13:32:48Z" finished-at="2020-02-28T13:32:50Z">
          <reporter-output>
          </reporter-output>
        </test-method> <!-- tearDown -->
      </class> <!-- ui.LoginAndPurchaseTest -->
      <class name="api.WeatherApiTest">
        <test-method status="PASS" signature="apiResponseTest()[pri:0, instance:api.WeatherApiTest@3498ed]" name="apiResponseTest" duration-ms="5230" started-at="2020-02-28T13:32:18Z" finished-at="2020-02-28T13:32:23Z">
          <reporter-output>
          </reporter-output>
        </test-method> <!-- apiResponseTest -->
        <test-method status="PASS" signature="locationResponseTest()[pri:0, instance:api.WeatherApiTest@3498ed]" name="locationResponseTest" duration-ms="1832" started-at="2020-02-28T13:32:23Z" finished-at="2020-02-28T13:32:25Z">
          <reporter-output>
          </reporter-output>
        </test-method> <!-- locationResponseTest -->
        <test-method status="PASS" signature="weatherNotNullTest()[pri:0, instance:api.WeatherApiTest@3498ed]" name="weatherNotNullTest" duration-ms="2882" started-at="2020-02-28T13:32:25Z" finished-at="2020-02-28T13:32:28Z">
          <reporter-output>
          </reporter-output>
        </test-method> <!-- weatherNotNullTest -->
      </class> <!-- api.WeatherApiTest -->
    </test> <!-- Command line test -->
  </suite> <!-- Command line suite -->
</testng-results>
